#
# There is insufficient memory for the Java Runtime Environment to continue.
# Native memory allocation (malloc) failed to allocate 1048576 bytes for AllocateHeap
# Possible reasons:
#   The system is out of physical RAM or swap space
#   The process is running with CompressedOops enabled, and the Java Heap may be blocking the growth of the native heap
# Possible solutions:
#   Reduce memory load on the system
#   Increase physical memory or swap space
#   Check if swap backing store is full
#   Decrease Java heap size (-Xmx/-Xms)
#   Decrease number of Java threads
#   Decrease Java thread stack sizes (-Xss)
#   Set larger code cache with -XX:ReservedCodeCacheSize=
#   JVM is running with Unscaled Compressed Oops mode in which the Java heap is
#     placed in the first 4GB address space. The Java Heap base address is the
#     maximum limit for the native heap growth. Please use -XX:HeapBaseMinAddress
#     to set the Java Heap base and to place the Java Heap above 4GB virtual address.
# This output file may be truncated or incomplete.
#
#  Out of Memory Error (allocation.cpp:44), pid=11688, tid=2672
#
# JRE version: OpenJDK Runtime Environment (16.0.1+9) (build 16.0.1+9-24)
# Java VM: OpenJDK 64-Bit Server VM (16.0.1+9-24, mixed mode, tiered, compressed oops, compressed class ptrs, g1 gc, windows-amd64)
# No core dump will be written. Minidumps are not enabled by default on client versions of Windows
#

---------------  S U M M A R Y ------------

Command Line: -Dcom.sun.management.jmxremote -Dcom.sun.management.jmxremote.port=56636 -Dcom.sun.management.jmxremote.authenticate=false -Dcom.sun.management.jmxremote.ssl=false -Djava.rmi.server.hostname=localhost -Dspring.jmx.enabled=true -Dspring.application.admin.enabled=true -XX:TieredStopAtLevel=1 -Dspring.boot.project.name=BookStoreClient -Dfile.encoding=UTF-8 -XX:+ShowCodeDetailsInExceptionMessages com.bookstore.client.BookStoreClientApplication --spring.output.ansi.enabled=always

Host: Intel(R) Core(TM) i7-8550U CPU @ 1.80GHz, 8 cores, 3G,  Windows 10 , 64 bit Build 19041 (10.0.19041.1151)
Time: Fri Aug 27 22:25:26 2021 SE Asia Standard Time elapsed time: 197.006028 seconds (0d 0h 3m 17s)

---------------  T H R E A D  ---------------

Current thread (0x0000019feeeb8340):  VMThread "VM Thread" [stack: 0x0000002cb7300000,0x0000002cb7400000] [id=2672]

Stack: [0x0000002cb7300000,0x0000002cb7400000]
Native frames: (J=compiled Java code, j=interpreted, Vv=VM code, C=native code)
V  [jvm.dll+0x6687ca]
V  [jvm.dll+0x7ca3c9]
V  [jvm.dll+0x7cbb53]
V  [jvm.dll+0x7cc1b3]
V  [jvm.dll+0x242ea5]
V  [jvm.dll+0xa8742]
V  [jvm.dll+0x2ed724]
V  [jvm.dll+0x2e9704]
V  [jvm.dll+0x2d15b1]
V  [jvm.dll+0x315996]
V  [jvm.dll+0x7d05eb]
V  [jvm.dll+0x7d12e4]
V  [jvm.dll+0x7d17e9]
V  [jvm.dll+0x7d1aa4]
V  [jvm.dll+0x7d1b70]
V  [jvm.dll+0x779b4a]
V  [jvm.dll+0x667666]
C  [ucrtbase.dll+0x21bb2]
C  [KERNEL32.DLL+0x17034]
C  [ntdll.dll+0x52651]

VM_Operation (0x0000002cb6afed50): G1CollectFull, mode: safepoint, requested by thread 0x0000019ff492f5c0


---------------  P R O C E S S  ---------------

Threads class SMR info:
_java_thread_list=0x0000019ff4714630, length=20, elements={
0x0000019feeecc010, 0x0000019feeecd060, 0x0000019feef00290, 0x0000019feef01cb0,
0x0000019feef065e0, 0x0000019feef06ef0, 0x0000019feef0adb0, 0x0000019feef13f30,
0x0000019fef96e280, 0x0000019fefa80590, 0x0000019ff0078d30, 0x0000019ff007f370,
0x0000019ff0072b30, 0x0000019ff04f1960, 0x0000019ff04f32c0, 0x0000019ff2201000,
0x0000019ff2202a90, 0x0000019ff21fead0, 0x0000019ff492db30, 0x0000019ff492f5c0
}

Java Threads: ( => current thread )
  0x0000019feeecc010 JavaThread "Reference Handler" daemon [_thread_blocked, id=23392, stack(0x0000002cb7400000,0x0000002cb7500000)]
  0x0000019feeecd060 JavaThread "Finalizer" daemon [_thread_blocked, id=17616, stack(0x0000002cb7500000,0x0000002cb7600000)]
  0x0000019feef00290 JavaThread "Signal Dispatcher" daemon [_thread_blocked, id=18876, stack(0x0000002cb7600000,0x0000002cb7700000)]
  0x0000019feef01cb0 JavaThread "Attach Listener" daemon [_thread_blocked, id=21340, stack(0x0000002cb7700000,0x0000002cb7800000)]
  0x0000019feef065e0 JavaThread "Service Thread" daemon [_thread_blocked, id=21156, stack(0x0000002cb7800000,0x0000002cb7900000)]
  0x0000019feef06ef0 JavaThread "Monitor Deflation Thread" daemon [_thread_blocked, id=8236, stack(0x0000002cb7900000,0x0000002cb7a00000)]
  0x0000019feef0adb0 JavaThread "C1 CompilerThread0" daemon [_thread_blocked, id=22248, stack(0x0000002cb7a00000,0x0000002cb7b00000)]
  0x0000019feef13f30 JavaThread "Sweeper thread" daemon [_thread_blocked, id=21380, stack(0x0000002cb7b00000,0x0000002cb7c00000)]
  0x0000019fef96e280 JavaThread "Common-Cleaner" daemon [_thread_blocked, id=16976, stack(0x0000002cb7c00000,0x0000002cb7d00000)]
  0x0000019fefa80590 JavaThread "Notification Thread" daemon [_thread_blocked, id=24212, stack(0x0000002cb7d00000,0x0000002cb7e00000)]
  0x0000019ff0078d30 JavaThread "RMI TCP Accept-0" daemon [_thread_in_native, id=16340, stack(0x0000002cb7e00000,0x0000002cb7f00000)]
  0x0000019ff007f370 JavaThread "RMI TCP Accept-56636" daemon [_thread_in_native, id=10304, stack(0x0000002cb7f00000,0x0000002cb8000000)]
  0x0000019ff0072b30 JavaThread "RMI TCP Accept-0" daemon [_thread_in_native, id=11212, stack(0x0000002cb8000000,0x0000002cb8100000)]
  0x0000019ff04f1960 JavaThread "RMI Scheduler(0)" daemon [_thread_blocked, id=21600, stack(0x0000002cb8e00000,0x0000002cb8f00000)]
  0x0000019ff04f32c0 JavaThread "JMX server connection timeout 26" daemon [_thread_blocked, id=13940, stack(0x0000002cb9000000,0x0000002cb9100000)]
  0x0000019ff2201000 JavaThread "mysql-cj-abandoned-connection-cleanup" daemon [_thread_blocked, id=22868, stack(0x0000002cb9500000,0x0000002cb9600000)]
  0x0000019ff2202a90 JavaThread "Live Reload Server" daemon [_thread_in_native, id=13552, stack(0x0000002cb9b00000,0x0000002cb9c00000)]
  0x0000019ff21fead0 JavaThread "DestroyJavaVM" [_thread_blocked, id=20780, stack(0x0000002cb6d00000,0x0000002cb6e00000)]
  0x0000019ff492db30 JavaThread "RMI TCP Connection(10)-127.0.0.1" daemon [_thread_in_native, id=8140, stack(0x0000002cbab00000,0x0000002cbac00000)]
  0x0000019ff492f5c0 JavaThread "Thread-5" [_thread_blocked, id=21336, stack(0x0000002cb6a00000,0x0000002cb6b00000)]

Other Threads:
=>0x0000019feeeb8340 VMThread "VM Thread" [stack: 0x0000002cb7300000,0x0000002cb7400000] [id=2672]
  0x0000019ff0073050 WatcherThread [stack: 0x0000002cb8100000,0x0000002cb8200000] [id=1376]
  0x0000019fd773c580 GCTaskThread "GC Thread#0" [stack: 0x0000002cb6e00000,0x0000002cb6f00000] [id=3724]
  0x0000019ff0421620 GCTaskThread "GC Thread#1" [stack: 0x0000002cb8200000,0x0000002cb8300000] [id=14288]
  0x0000019ff03eb050 GCTaskThread "GC Thread#2" [stack: 0x0000002cb8300000,0x0000002cb8400000] [id=22428]
  0x0000019ff03eb360 GCTaskThread "GC Thread#3" [stack: 0x0000002cb8400000,0x0000002cb8500000] [id=2516]
  0x0000019ff03eba80 GCTaskThread "GC Thread#4" [stack: 0x0000002cb8500000,0x0000002cb8600000] [id=12340]
  0x0000019ff04a2790 GCTaskThread "GC Thread#5" [stack: 0x0000002cb8600000,0x0000002cb8700000] [id=21820]
  0x0000019ff04a50c0 GCTaskThread "GC Thread#6" [stack: 0x0000002cb8700000,0x0000002cb8800000] [id=17296]
  0x0000019ff04a53d0 GCTaskThread "GC Thread#7" [stack: 0x0000002cb8800000,0x0000002cb8900000] [id=23880]
  0x0000019fd7746900 ConcurrentGCThread "G1 Main Marker" [stack: 0x0000002cb6f00000,0x0000002cb7000000] [id=21520]
  0x0000019fd7748290 ConcurrentGCThread "G1 Conc#0" [stack: 0x0000002cb7000000,0x0000002cb7100000] [id=23120]
  0x0000019ff148a300 ConcurrentGCThread "G1 Conc#1" [stack: 0x0000002cb9200000,0x0000002cb9300000] [id=18028]
  0x0000019fd77a74a0 ConcurrentGCThread "G1 Refine#0" [stack: 0x0000002cb7100000,0x0000002cb7200000] [id=5196]
  0x0000019ff0482cd0 ConcurrentGCThread "G1 Refine#1" [stack: 0x0000002cb8900000,0x0000002cb8a00000] [id=4436]
  0x0000019fefe818e0 ConcurrentGCThread "G1 Refine#2" [stack: 0x0000002cb8a00000,0x0000002cb8b00000] [id=18184]
  0x0000019fd77a7e30 ConcurrentGCThread "G1 Service" [stack: 0x0000002cb7200000,0x0000002cb7300000] [id=19164]

Threads with active compile tasks:

VM state: at safepoint (normal execution)

VM Mutex/Monitor currently owned by a thread:  ([mutex/lock_event])
[0x0000019fd770d190] Threads_lock - owner thread: 0x0000019feeeb8340
[0x0000019fd770da90] Heap_lock - owner thread: 0x0000019ff492f5c0

Heap address: 0x00000000c1c00000, size: 996 MB, Compressed Oops mode: 32-bit

CDS disabled.
Compressed class space mapped at: 0x0000000100000000-0x0000000140000000, reserved size: 1073741824
Narrow klass base: 0x0000000000000000, Narrow klass shift: 3, Narrow klass range: 0x140000000

GC Precious Log:
 CPUs: 8 total, 8 available
 Memory: 3982M
 Large Page Support: Disabled
 NUMA Support: Disabled
 Compressed Oops: Enabled (32-bit)
 Heap Region Size: 1M
 Heap Min Capacity: 8M
 Heap Initial Capacity: 64M
 Heap Max Capacity: 996M
 Pre-touch: Disabled
 Parallel Workers: 8
 Concurrent Workers: 2
 Concurrent Refinement Workers: 8
 Periodic GC: Disabled

Heap:
 garbage-first heap   total 139264K, used 57314K [0x00000000c1c00000, 0x0000000100000000)
  region size 1024K, 32 young (32768K), 8 survivors (8192K)
 Metaspace       used 75657K, committed 76096K, reserved 1122304K
  class space    used 10190K, committed 10432K, reserved 1048576K

Heap Regions: E=young(eden), S=young(survivor), O=old, HS=humongous(starts), HC=humongous(continues), CS=collection set, F=free, OA=open archive, CA=closed archive, TAMS=top-at-mark-start (previous, next)
|   0|0x00000000c1c00000, 0x00000000c1d00000, 0x00000000c1d00000|100%|HS|  |TAMS 0x00000000c1d00000, 0x00000000c1c00000| Complete 
|   1|0x00000000c1d00000, 0x00000000c1e00000, 0x00000000c1e00000|100%| O|  |TAMS 0x00000000c1e00000, 0x00000000c1d00000| Untracked 
|   2|0x00000000c1e00000, 0x00000000c1f00000, 0x00000000c1f00000|100%| O|  |TAMS 0x00000000c1f00000, 0x00000000c1e00000| Untracked 
|   3|0x00000000c1f00000, 0x00000000c2000000, 0x00000000c2000000|100%| O|  |TAMS 0x00000000c2000000, 0x00000000c1f00000| Untracked 
|   4|0x00000000c2000000, 0x00000000c2100000, 0x00000000c2100000|100%| O|  |TAMS 0x00000000c2100000, 0x00000000c2000000| Untracked 
|   5|0x00000000c2100000, 0x00000000c2200000, 0x00000000c2200000|100%| O|  |TAMS 0x00000000c2200000, 0x00000000c2100000| Untracked 
|   6|0x00000000c2200000, 0x00000000c2300000, 0x00000000c2300000|100%| O|  |TAMS 0x00000000c2300000, 0x00000000c2200000| Untracked 
|   7|0x00000000c2300000, 0x00000000c23bea00, 0x00000000c2400000| 74%| O|  |TAMS 0x00000000c23bea00, 0x00000000c2300000| Untracked 
|   8|0x00000000c2400000, 0x00000000c2500000, 0x00000000c2500000|100%| O|  |TAMS 0x00000000c2500000, 0x00000000c2400000| Untracked 
|   9|0x00000000c2500000, 0x00000000c2600000, 0x00000000c2600000|100%| O|  |TAMS 0x00000000c2600000, 0x00000000c2500000| Untracked 
|  10|0x00000000c2600000, 0x00000000c2700000, 0x00000000c2700000|100%| O|  |TAMS 0x00000000c2700000, 0x00000000c2600000| Untracked 
|  11|0x00000000c2700000, 0x00000000c2724c00, 0x00000000c2800000| 14%| O|  |TAMS 0x00000000c2724c00, 0x00000000c2700000| Untracked 
|  12|0x00000000c2800000, 0x00000000c2900000, 0x00000000c2900000|100%| O|  |TAMS 0x00000000c2900000, 0x00000000c2800000| Untracked 
|  13|0x00000000c2900000, 0x00000000c2a00000, 0x00000000c2a00000|100%| O|  |TAMS 0x00000000c2a00000, 0x00000000c2900000| Untracked 
|  14|0x00000000c2a00000, 0x00000000c2b00000, 0x00000000c2b00000|100%| O|  |TAMS 0x00000000c2b00000, 0x00000000c2a00000| Untracked 
|  15|0x00000000c2b00000, 0x00000000c2c00000, 0x00000000c2c00000|100%| O|  |TAMS 0x00000000c2c00000, 0x00000000c2b00000| Untracked 
|  16|0x00000000c2c00000, 0x00000000c2d00000, 0x00000000c2d00000|100%| O|  |TAMS 0x00000000c2d00000, 0x00000000c2c00000| Untracked 
|  17|0x00000000c2d00000, 0x00000000c2e00000, 0x00000000c2e00000|100%| O|  |TAMS 0x00000000c2e00000, 0x00000000c2d00000| Untracked 
|  18|0x00000000c2e00000, 0x00000000c2f00000, 0x00000000c2f00000|100%| O|  |TAMS 0x00000000c2e59200, 0x00000000c2e00000| Untracked 
|  19|0x00000000c2f00000, 0x00000000c3000000, 0x00000000c3000000|100%| O|  |TAMS 0x00000000c2f00000, 0x00000000c2f00000| Untracked 
|  20|0x00000000c3000000, 0x00000000c3100000, 0x00000000c3100000|100%| O|  |TAMS 0x00000000c3000000, 0x00000000c3000000| Untracked 
|  21|0x00000000c3100000, 0x00000000c3200000, 0x00000000c3200000|100%| O|  |TAMS 0x00000000c3100000, 0x00000000c3100000| Untracked 
|  22|0x00000000c3200000, 0x00000000c3300000, 0x00000000c3300000|100%| O|  |TAMS 0x00000000c3200000, 0x00000000c3200000| Untracked 
|  23|0x00000000c3300000, 0x00000000c3400000, 0x00000000c3400000|100%| O|  |TAMS 0x00000000c3300000, 0x00000000c3300000| Untracked 
|  24|0x00000000c3400000, 0x00000000c3500000, 0x00000000c3500000|100%| O|  |TAMS 0x00000000c3400000, 0x00000000c3400000| Untracked 
|  25|0x00000000c3500000, 0x00000000c3600000, 0x00000000c3600000|100%| O|  |TAMS 0x00000000c3500000, 0x00000000c3500000| Untracked 
|  26|0x00000000c3600000, 0x00000000c3700000, 0x00000000c3700000|100%| O|  |TAMS 0x00000000c3600000, 0x00000000c3600000| Untracked 
|  27|0x00000000c3700000, 0x00000000c379ec00, 0x00000000c3800000| 62%| O|  |TAMS 0x00000000c3700000, 0x00000000c3700000| Untracked 
|  28|0x00000000c3800000, 0x00000000c3800000, 0x00000000c3900000|  0%| F|  |TAMS 0x00000000c3800000, 0x00000000c3800000| Untracked 
|  29|0x00000000c3900000, 0x00000000c3900000, 0x00000000c3a00000|  0%| F|  |TAMS 0x00000000c3900000, 0x00000000c3900000| Untracked 
|  30|0x00000000c3a00000, 0x00000000c3a00000, 0x00000000c3b00000|  0%| F|  |TAMS 0x00000000c3a00000, 0x00000000c3a00000| Untracked 
|  31|0x00000000c3b00000, 0x00000000c3b00000, 0x00000000c3c00000|  0%| F|  |TAMS 0x00000000c3b00000, 0x00000000c3b00000| Untracked 
|  32|0x00000000c3c00000, 0x00000000c3c00000, 0x00000000c3d00000|  0%| F|  |TAMS 0x00000000c3c00000, 0x00000000c3c00000| Untracked 
|  33|0x00000000c3d00000, 0x00000000c3d00000, 0x00000000c3e00000|  0%| F|  |TAMS 0x00000000c3d00000, 0x00000000c3d00000| Untracked 
|  34|0x00000000c3e00000, 0x00000000c3e00000, 0x00000000c3f00000|  0%| F|  |TAMS 0x00000000c3e00000, 0x00000000c3e00000| Untracked 
|  35|0x00000000c3f00000, 0x00000000c3f00000, 0x00000000c4000000|  0%| F|  |TAMS 0x00000000c3f00000, 0x00000000c3f00000| Untracked 
|  36|0x00000000c4000000, 0x00000000c4000000, 0x00000000c4100000|  0%| F|  |TAMS 0x00000000c4000000, 0x00000000c4000000| Untracked 
|  37|0x00000000c4100000, 0x00000000c4100000, 0x00000000c4200000|  0%| F|  |TAMS 0x00000000c4100000, 0x00000000c4100000| Untracked 
|  38|0x00000000c4200000, 0x00000000c4200000, 0x00000000c4300000|  0%| F|  |TAMS 0x00000000c4200000, 0x00000000c4200000| Untracked 
|  39|0x00000000c4300000, 0x00000000c4300000, 0x00000000c4400000|  0%| F|  |TAMS 0x00000000c4300000, 0x00000000c4300000| Untracked 
|  40|0x00000000c4400000, 0x00000000c4400000, 0x00000000c4500000|  0%| F|  |TAMS 0x00000000c4400000, 0x00000000c4400000| Untracked 
|  41|0x00000000c4500000, 0x00000000c4500000, 0x00000000c4600000|  0%| F|  |TAMS 0x00000000c4500000, 0x00000000c4500000| Untracked 
|  42|0x00000000c4600000, 0x00000000c4600000, 0x00000000c4700000|  0%| F|  |TAMS 0x00000000c4600000, 0x00000000c4600000| Untracked 
|  43|0x00000000c4700000, 0x00000000c4700000, 0x00000000c4800000|  0%| F|  |TAMS 0x00000000c4700000, 0x00000000c4700000| Untracked 
|  44|0x00000000c4800000, 0x00000000c4800000, 0x00000000c4900000|  0%| F|  |TAMS 0x00000000c4800000, 0x00000000c4800000| Untracked 
|  45|0x00000000c4900000, 0x00000000c4900000, 0x00000000c4a00000|  0%| F|  |TAMS 0x00000000c4900000, 0x00000000c4900000| Untracked 
|  46|0x00000000c4a00000, 0x00000000c4a00000, 0x00000000c4b00000|  0%| F|  |TAMS 0x00000000c4a00000, 0x00000000c4a00000| Untracked 
|  47|0x00000000c4b00000, 0x00000000c4b00000, 0x00000000c4c00000|  0%| F|  |TAMS 0x00000000c4b00000, 0x00000000c4b00000| Untracked 
|  48|0x00000000c4c00000, 0x00000000c4c00000, 0x00000000c4d00000|  0%| F|  |TAMS 0x00000000c4c00000, 0x00000000c4c00000| Untracked 
|  49|0x00000000c4d00000, 0x00000000c4d00000, 0x00000000c4e00000|  0%| F|  |TAMS 0x00000000c4d00000, 0x00000000c4d00000| Untracked 
|  50|0x00000000c4e00000, 0x00000000c4e00000, 0x00000000c4f00000|  0%| F|  |TAMS 0x00000000c4e00000, 0x00000000c4e00000| Untracked 
|  51|0x00000000c4f00000, 0x00000000c4f00000, 0x00000000c5000000|  0%| F|  |TAMS 0x00000000c4f00000, 0x00000000c4f00000| Untracked 
|  52|0x00000000c5000000, 0x00000000c5000000, 0x00000000c5100000|  0%| F|  |TAMS 0x00000000c5000000, 0x00000000c5000000| Untracked 
|  53|0x00000000c5100000, 0x00000000c5100000, 0x00000000c5200000|  0%| F|  |TAMS 0x00000000c5100000, 0x00000000c5100000| Untracked 
|  54|0x00000000c5200000, 0x00000000c5200000, 0x00000000c5300000|  0%| F|  |TAMS 0x00000000c5200000, 0x00000000c5200000| Untracked 
|  55|0x00000000c5300000, 0x00000000c5300000, 0x00000000c5400000|  0%| F|  |TAMS 0x00000000c5300000, 0x00000000c5300000| Untracked 
|  56|0x00000000c5400000, 0x00000000c5400000, 0x00000000c5500000|  0%| F|  |TAMS 0x00000000c5400000, 0x00000000c5400000| Untracked 
|  57|0x00000000c5500000, 0x00000000c5500000, 0x00000000c5600000|  0%| F|  |TAMS 0x00000000c5500000, 0x00000000c5500000| Untracked 
|  58|0x00000000c5600000, 0x00000000c5676688, 0x00000000c5700000| 46%| S|CS|TAMS 0x00000000c5600000, 0x00000000c5600000| Complete 
|  59|0x00000000c5700000, 0x00000000c5800000, 0x00000000c5800000|100%| S|CS|TAMS 0x00000000c5700000, 0x00000000c5700000| Complete 
|  60|0x00000000c5800000, 0x00000000c5900000, 0x00000000c5900000|100%| S|CS|TAMS 0x00000000c5800000, 0x00000000c5800000| Complete 
|  61|0x00000000c5900000, 0x00000000c5a00000, 0x00000000c5a00000|100%| S|CS|TAMS 0x00000000c5900000, 0x00000000c5900000| Complete 
|  62|0x00000000c5a00000, 0x00000000c5b00000, 0x00000000c5b00000|100%| S|CS|TAMS 0x00000000c5a00000, 0x00000000c5a00000| Complete 
|  63|0x00000000c5b00000, 0x00000000c5c00000, 0x00000000c5c00000|100%| S|CS|TAMS 0x00000000c5b00000, 0x00000000c5b00000| Complete 
|  64|0x00000000c5c00000, 0x00000000c5d00000, 0x00000000c5d00000|100%| S|CS|TAMS 0x00000000c5c00000, 0x00000000c5c00000| Complete 
|  65|0x00000000c5d00000, 0x00000000c5e00000, 0x00000000c5e00000|100%| S|CS|TAMS 0x00000000c5d00000, 0x00000000c5d00000| Complete 
|  66|0x00000000c5e00000, 0x00000000c5e00000, 0x00000000c5f00000|  0%| F|  |TAMS 0x00000000c5e00000, 0x00000000c5e00000| Untracked 
|  67|0x00000000c5f00000, 0x00000000c5f00000, 0x00000000c6000000|  0%| F|  |TAMS 0x00000000c5f00000, 0x00000000c5f00000| Untracked 
|  68|0x00000000c6000000, 0x00000000c6000000, 0x00000000c6100000|  0%| F|  |TAMS 0x00000000c6000000, 0x00000000c6000000| Untracked 
|  69|0x00000000c6100000, 0x00000000c6100000, 0x00000000c6200000|  0%| F|  |TAMS 0x00000000c6100000, 0x00000000c6100000| Untracked 
|  70|0x00000000c6200000, 0x00000000c6200000, 0x00000000c6300000|  0%| F|  |TAMS 0x00000000c6200000, 0x00000000c6200000| Untracked 
|  71|0x00000000c6300000, 0x00000000c6300000, 0x00000000c6400000|  0%| F|  |TAMS 0x00000000c6300000, 0x00000000c6300000| Untracked 
|  72|0x00000000c6400000, 0x00000000c6400000, 0x00000000c6500000|  0%| F|  |TAMS 0x00000000c6400000, 0x00000000c6400000| Untracked 
|  73|0x00000000c6500000, 0x00000000c6500000, 0x00000000c6600000|  0%| F|  |TAMS 0x00000000c6500000, 0x00000000c6500000| Untracked 
|  74|0x00000000c6600000, 0x00000000c6600000, 0x00000000c6700000|  0%| F|  |TAMS 0x00000000c6600000, 0x00000000c6600000| Untracked 
|  75|0x00000000c6700000, 0x00000000c6700000, 0x00000000c6800000|  0%| F|  |TAMS 0x00000000c6700000, 0x00000000c6700000| Untracked 
|  76|0x00000000c6800000, 0x00000000c6800000, 0x00000000c6900000|  0%| F|  |TAMS 0x00000000c6800000, 0x00000000c6800000| Untracked 
|  77|0x00000000c6900000, 0x00000000c6900000, 0x00000000c6a00000|  0%| F|  |TAMS 0x00000000c6900000, 0x00000000c6900000| Untracked 
|  78|0x00000000c6a00000, 0x00000000c6a00000, 0x00000000c6b00000|  0%| F|  |TAMS 0x00000000c6a00000, 0x00000000c6a00000| Untracked 
|  79|0x00000000c6b00000, 0x00000000c6b00000, 0x00000000c6c00000|  0%| F|  |TAMS 0x00000000c6b00000, 0x00000000c6b00000| Untracked 
|  80|0x00000000c6c00000, 0x00000000c6c00000, 0x00000000c6d00000|  0%| F|  |TAMS 0x00000000c6c00000, 0x00000000c6c00000| Untracked 
|  81|0x00000000c6d00000, 0x00000000c6d00000, 0x00000000c6e00000|  0%| F|  |TAMS 0x00000000c6d00000, 0x00000000c6d00000| Untracked 
|  82|0x00000000c6e00000, 0x00000000c6e00000, 0x00000000c6f00000|  0%| F|  |TAMS 0x00000000c6e00000, 0x00000000c6e00000| Untracked 
|  83|0x00000000c6f00000, 0x00000000c6f00000, 0x00000000c7000000|  0%| F|  |TAMS 0x00000000c6f00000, 0x00000000c6f00000| Untracked 
|  84|0x00000000c7000000, 0x00000000c7000000, 0x00000000c7100000|  0%| F|  |TAMS 0x00000000c7000000, 0x00000000c7000000| Untracked 
|  85|0x00000000c7100000, 0x00000000c7100000, 0x00000000c7200000|  0%| F|  |TAMS 0x00000000c7100000, 0x00000000c7100000| Untracked 
|  86|0x00000000c7200000, 0x00000000c7200000, 0x00000000c7300000|  0%| F|  |TAMS 0x00000000c7200000, 0x00000000c7200000| Untracked 
|  87|0x00000000c7300000, 0x00000000c7300000, 0x00000000c7400000|  0%| F|  |TAMS 0x00000000c7300000, 0x00000000c7300000| Untracked 
|  88|0x00000000c7400000, 0x00000000c7400000, 0x00000000c7500000|  0%| F|  |TAMS 0x00000000c7400000, 0x00000000c7400000| Untracked 
|  89|0x00000000c7500000, 0x00000000c7500000, 0x00000000c7600000|  0%| F|  |TAMS 0x00000000c7500000, 0x00000000c7500000| Untracked 
|  90|0x00000000c7600000, 0x00000000c7600000, 0x00000000c7700000|  0%| F|  |TAMS 0x00000000c7600000, 0x00000000c7600000| Untracked 
|  91|0x00000000c7700000, 0x00000000c7700000, 0x00000000c7800000|  0%| F|  |TAMS 0x00000000c7700000, 0x00000000c7700000| Untracked 
|  92|0x00000000c7800000, 0x00000000c7800000, 0x00000000c7900000|  0%| F|  |TAMS 0x00000000c7800000, 0x00000000c7800000| Untracked 
|  93|0x00000000c7900000, 0x00000000c7900000, 0x00000000c7a00000|  0%| F|  |TAMS 0x00000000c7900000, 0x00000000c7900000| Untracked 
|  94|0x00000000c7a00000, 0x00000000c7a00000, 0x00000000c7b00000|  0%| F|  |TAMS 0x00000000c7a00000, 0x00000000c7a00000| Untracked 
|  95|0x00000000c7b00000, 0x00000000c7b00000, 0x00000000c7c00000|  0%| F|  |TAMS 0x00000000c7b00000, 0x00000000c7b00000| Untracked 
|  96|0x00000000c7c00000, 0x00000000c7c00000, 0x00000000c7d00000|  0%| F|  |TAMS 0x00000000c7c00000, 0x00000000c7c00000| Untracked 
|  97|0x00000000c7d00000, 0x00000000c7d00000, 0x00000000c7e00000|  0%| F|  |TAMS 0x00000000c7d00000, 0x00000000c7d00000| Untracked 
|  98|0x00000000c7e00000, 0x00000000c7e00000, 0x00000000c7f00000|  0%| F|  |TAMS 0x00000000c7e00000, 0x00000000c7e00000| Untracked 
|  99|0x00000000c7f00000, 0x00000000c7f00000, 0x00000000c8000000|  0%| F|  |TAMS 0x00000000c7f00000, 0x00000000c7f00000| Untracked 
| 100|0x00000000c8000000, 0x00000000c8000000, 0x00000000c8100000|  0%| F|  |TAMS 0x00000000c8000000, 0x00000000c8000000| Untracked 
| 101|0x00000000c8100000, 0x00000000c8100000, 0x00000000c8200000|  0%| F|  |TAMS 0x00000000c8100000, 0x00000000c8100000| Untracked 
| 102|0x00000000c8200000, 0x00000000c8200000, 0x00000000c8300000|  0%| F|  |TAMS 0x00000000c8200000, 0x00000000c8200000| Untracked 
| 103|0x00000000c8300000, 0x00000000c8300000, 0x00000000c8400000|  0%| F|  |TAMS 0x00000000c8300000, 0x00000000c8300000| Untracked 
| 104|0x00000000c8400000, 0x00000000c8400000, 0x00000000c8500000|  0%| F|  |TAMS 0x00000000c8400000, 0x00000000c8400000| Untracked 
| 105|0x00000000c8500000, 0x00000000c8500000, 0x00000000c8600000|  0%| F|  |TAMS 0x00000000c8500000, 0x00000000c8500000| Untracked 
| 106|0x00000000c8600000, 0x00000000c8600000, 0x00000000c8700000|  0%| F|  |TAMS 0x00000000c8600000, 0x00000000c8600000| Untracked 
| 107|0x00000000c8700000, 0x00000000c8700000, 0x00000000c8800000|  0%| F|  |TAMS 0x00000000c8700000, 0x00000000c8700000| Untracked 
| 108|0x00000000c8800000, 0x00000000c8800000, 0x00000000c8900000|  0%| F|  |TAMS 0x00000000c8800000, 0x00000000c8800000| Untracked 
| 109|0x00000000c8900000, 0x00000000c8900000, 0x00000000c8a00000|  0%| F|  |TAMS 0x00000000c8900000, 0x00000000c8900000| Untracked 
| 110|0x00000000c8a00000, 0x00000000c8a00000, 0x00000000c8b00000|  0%| F|  |TAMS 0x00000000c8a00000, 0x00000000c8a00000| Untracked 
| 111|0x00000000c8b00000, 0x00000000c8b00000, 0x00000000c8c00000|  0%| F|  |TAMS 0x00000000c8b00000, 0x00000000c8b00000| Untracked 
| 112|0x00000000c8c00000, 0x00000000c8c8cf20, 0x00000000c8d00000| 55%| E|  |TAMS 0x00000000c8c00000, 0x00000000c8c00000| Complete 
| 113|0x00000000c8d00000, 0x00000000c8e00000, 0x00000000c8e00000|100%| E|CS|TAMS 0x00000000c8d00000, 0x00000000c8d00000| Complete 
| 114|0x00000000c8e00000, 0x00000000c8f00000, 0x00000000c8f00000|100%| E|CS|TAMS 0x00000000c8e00000, 0x00000000c8e00000| Complete 
| 115|0x00000000c8f00000, 0x00000000c9000000, 0x00000000c9000000|100%| E|CS|TAMS 0x00000000c8f00000, 0x00000000c8f00000| Complete 
| 116|0x00000000c9000000, 0x00000000c9100000, 0x00000000c9100000|100%| E|CS|TAMS 0x00000000c9000000, 0x00000000c9000000| Complete 
| 117|0x00000000c9100000, 0x00000000c9200000, 0x00000000c9200000|100%| E|CS|TAMS 0x00000000c9100000, 0x00000000c9100000| Complete 
| 118|0x00000000c9200000, 0x00000000c9300000, 0x00000000c9300000|100%| E|CS|TAMS 0x00000000c9200000, 0x00000000c9200000| Complete 
| 119|0x00000000c9300000, 0x00000000c9400000, 0x00000000c9400000|100%| E|CS|TAMS 0x00000000c9300000, 0x00000000c9300000| Complete 
| 120|0x00000000c9400000, 0x00000000c9500000, 0x00000000c9500000|100%| E|CS|TAMS 0x00000000c9400000, 0x00000000c9400000| Complete 
| 121|0x00000000c9500000, 0x00000000c9600000, 0x00000000c9600000|100%| E|  |TAMS 0x00000000c9500000, 0x00000000c9500000| Complete 
| 122|0x00000000c9600000, 0x00000000c9700000, 0x00000000c9700000|100%| E|CS|TAMS 0x00000000c9600000, 0x00000000c9600000| Complete 
| 123|0x00000000c9700000, 0x00000000c9800000, 0x00000000c9800000|100%| E|CS|TAMS 0x00000000c9700000, 0x00000000c9700000| Complete 
| 124|0x00000000c9800000, 0x00000000c9900000, 0x00000000c9900000|100%| E|CS|TAMS 0x00000000c9800000, 0x00000000c9800000| Complete 
| 125|0x00000000c9900000, 0x00000000c9a00000, 0x00000000c9a00000|100%| E|CS|TAMS 0x00000000c9900000, 0x00000000c9900000| Complete 
| 126|0x00000000c9a00000, 0x00000000c9b00000, 0x00000000c9b00000|100%| E|CS|TAMS 0x00000000c9a00000, 0x00000000c9a00000| Complete 
| 127|0x00000000c9b00000, 0x00000000c9c00000, 0x00000000c9c00000|100%| E|CS|TAMS 0x00000000c9b00000, 0x00000000c9b00000| Complete 
| 128|0x00000000c9c00000, 0x00000000c9d00000, 0x00000000c9d00000|100%| E|CS|TAMS 0x00000000c9c00000, 0x00000000c9c00000| Complete 
| 129|0x00000000c9d00000, 0x00000000c9e00000, 0x00000000c9e00000|100%| E|CS|TAMS 0x00000000c9d00000, 0x00000000c9d00000| Complete 
| 130|0x00000000c9e00000, 0x00000000c9f00000, 0x00000000c9f00000|100%| E|CS|TAMS 0x00000000c9e00000, 0x00000000c9e00000| Complete 
| 131|0x00000000c9f00000, 0x00000000ca000000, 0x00000000ca000000|100%| E|CS|TAMS 0x00000000c9f00000, 0x00000000c9f00000| Complete 
| 132|0x00000000ca000000, 0x00000000ca100000, 0x00000000ca100000|100%| E|CS|TAMS 0x00000000ca000000, 0x00000000ca000000| Complete 
| 133|0x00000000ca100000, 0x00000000ca200000, 0x00000000ca200000|100%| E|CS|TAMS 0x00000000ca100000, 0x00000000ca100000| Complete 
| 134|0x00000000ca200000, 0x00000000ca300000, 0x00000000ca300000|100%| E|CS|TAMS 0x00000000ca200000, 0x00000000ca200000| Complete 
| 135|0x00000000ca300000, 0x00000000ca400000, 0x00000000ca400000|100%| E|CS|TAMS 0x00000000ca300000, 0x00000000ca300000| Complete 

Card table byte_map: [0x0000019fea1a0000,0x0000019fea3a0000] _byte_map_base: 0x0000019fe9b92000

Marking Bits (Prev, Next): (CMBitMap*) 0x0000019fd773cb40, (CMBitMap*) 0x0000019fd773cb00
 Prev Bits: [0x0000019feb530000, 0x0000019fec4c0000)
 Next Bits: [0x0000019fea5a0000, 0x0000019feb530000)

Polling page: 0x0000019fd5720000

Metaspace:

Usage:
  Non-class:     63.93 MB used.
      Class:      9.95 MB used.
       Both:     73.88 MB used.

Virtual space:
  Non-class space:       72.00 MB reserved,      64.12 MB ( 89%) committed,  9 nodes.
      Class space:        1.00 GB reserved,      10.19 MB ( <1%) committed,  1 nodes.
              Both:        1.07 GB reserved,      74.31 MB (  7%) committed. 

Chunk freelists:
   Non-Class:  3.13 MB
       Class:  1.86 MB
        Both:  4.99 MB

MaxMetaspaceSize: 17179869184.00 GB
CompressedClassSpaceSize: 1.00 GB
 - commit_granule_bytes: 65536.
 - commit_granule_words: 8192.
 - virtual_space_node_default_size: 1048576.
 - enlarge_chunks_in_place: 1.
 - new_chunks_are_fully_committed: 0.
 - uncommit_free_chunks: 1.
 - use_allocation_guard: 0.
 - handle_deallocations: 1.


Internal statistics:

num_allocs_failed_limit: 11.
num_arena_births: 604.
num_arena_deaths: 0.
num_vsnodes_births: 10.
num_vsnodes_deaths: 0.
num_space_committed: 1189.
num_space_uncommitted: 0.
num_chunks_returned_to_freelist: 11.
num_chunks_taken_from_freelist: 2956.
num_chunk_merges: 11.
num_chunk_splits: 2128.
num_chunks_enlarged: 1655.
num_purges: 0.

CodeHeap 'non-profiled nmethods': size=238336Kb used=12138Kb max_used=12138Kb free=226197Kb
 bounds [0x0000019fdb3b0000, 0x0000019fdbf90000, 0x0000019fe9c70000]
CodeHeap 'non-nmethods': size=7424Kb used=1345Kb max_used=1345Kb free=6079Kb
 bounds [0x0000019fdac70000, 0x0000019fdaee0000, 0x0000019fdb3b0000]
 total_blobs=8154 nmethods=7477 adapters=603
 compilation: enabled
              stopped_count=0, restarted_count=0
 full_count=0

Compilation events (20 events):
Event: 196.965 Thread 0x0000019feef0adb0 7469       1       java.net.Socket$SocketOutputStream::write (11 bytes)
Event: 196.966 Thread 0x0000019feef0adb0 nmethod 7469 0x0000019fdbf86d90 code [0x0000019fdbf86f40, 0x0000019fdbf87028]
Event: 196.966 Thread 0x0000019feef0adb0 7471   !   1       sun.nio.ch.NioSocketImpl::implWrite (114 bytes)
Event: 196.967 Thread 0x0000019feef0adb0 nmethod 7471 0x0000019fdbf87090 code [0x0000019fdbf872a0, 0x0000019fdbf87838]
Event: 196.967 Thread 0x0000019feef0adb0 7472   !   1       sun.nio.ch.NioSocketImpl::beginWrite (30 bytes)
Event: 196.967 Thread 0x0000019feef0adb0 nmethod 7472 0x0000019fdbf87c10 code [0x0000019fdbf87dc0, 0x0000019fdbf87fa8]
Event: 196.967 Thread 0x0000019feef0adb0 7473   !   1       java.nio.DirectByteBuffer::put (157 bytes)
Event: 196.968 Thread 0x0000019feef0adb0 nmethod 7473 0x0000019fdbf88090 code [0x0000019fdbf882c0, 0x0000019fdbf887b8]
Event: 196.968 Thread 0x0000019feef0adb0 7474   !   1       sun.nio.ch.NioSocketImpl::endWrite (58 bytes)
Event: 196.968 Thread 0x0000019feef0adb0 nmethod 7474 0x0000019fdbf88c10 code [0x0000019fdbf88de0, 0x0000019fdbf890b8]
Event: 196.968 Thread 0x0000019feef0adb0 7475   !   1       sun.nio.ch.NioSocketImpl::tryWrite (78 bytes)
Event: 196.969 Thread 0x0000019feef0adb0 nmethod 7475 0x0000019fdbf89310 code [0x0000019fdbf89500, 0x0000019fdbf89738]
Event: 196.985 Thread 0x0000019feef0adb0 7476       1       com.sun.crypto.provider.GHASH::digest (34 bytes)
Event: 196.986 Thread 0x0000019feef0adb0 nmethod 7476 0x0000019fdbf89990 code [0x0000019fdbf89b60, 0x0000019fdbf89df8]
Event: 196.998 Thread 0x0000019feef0adb0 7477       1       org.springframework.boot.ansi.AnsiColor::toString (5 bytes)
Event: 196.998 Thread 0x0000019feef0adb0 nmethod 7477 0x0000019fdbf8a010 code [0x0000019fdbf8a1a0, 0x0000019fdbf8a278]
Event: 196.999 Thread 0x0000019feef0adb0 7478       1       java.lang.invoke.LambdaFormEditor$Transform::equals (32 bytes)
Event: 196.999 Thread 0x0000019feef0adb0 nmethod 7478 0x0000019fdbf8a310 code [0x0000019fdbf8a4c0, 0x0000019fdbf8a5e8]
Event: 196.999 Thread 0x0000019feef0adb0 7479       1       java.util.concurrent.atomic.AtomicBoolean::set (14 bytes)
Event: 196.999 Thread 0x0000019feef0adb0 nmethod 7479 0x0000019fdbf8a690 code [0x0000019fdbf8a820, 0x0000019fdbf8a8f8]

GC Heap History (20 events):
Event: 3.182 GC heap before
{Heap before GC invocations=11 (full 0):
 garbage-first heap   total 61440K, used 46312K [0x00000000c1c00000, 0x0000000100000000)
  region size 1024K, 36 young (36864K), 5 survivors (5120K)
 Metaspace       used 38655K, committed 38976K, reserved 1089536K
  class space    used 4960K, committed 5120K, reserved 1048576K
}
Event: 3.186 GC heap after
{Heap after GC invocations=12 (full 0):
 garbage-first heap   total 61440K, used 17682K [0x00000000c1c00000, 0x0000000100000000)
  region size 1024K, 4 young (4096K), 4 survivors (4096K)
 Metaspace       used 38655K, committed 38976K, reserved 1089536K
  class space    used 4960K, committed 5120K, reserved 1048576K
}
Event: 3.198 GC heap before
{Heap before GC invocations=12 (full 0):
 garbage-first heap   total 61440K, used 46354K [0x00000000c1c00000, 0x0000000100000000)
  region size 1024K, 33 young (33792K), 4 survivors (4096K)
 Metaspace       used 38655K, committed 38976K, reserved 1089536K
  class space    used 4960K, committed 5120K, reserved 1048576K
}
Event: 3.201 GC heap after
{Heap after GC invocations=13 (full 0):
 garbage-first heap   total 77824K, used 18000K [0x00000000c1c00000, 0x0000000100000000)
  region size 1024K, 3 young (3072K), 3 survivors (3072K)
 Metaspace       used 38655K, committed 38976K, reserved 1089536K
  class space    used 4960K, committed 5120K, reserved 1048576K
}
Event: 3.262 GC heap before
{Heap before GC invocations=13 (full 0):
 garbage-first heap   total 77824K, used 59984K [0x00000000c1c00000, 0x0000000100000000)
  region size 1024K, 45 young (46080K), 3 survivors (3072K)
 Metaspace       used 39103K, committed 39488K, reserved 1089536K
  class space    used 5000K, committed 5184K, reserved 1048576K
}
Event: 3.264 GC heap after
{Heap after GC invocations=14 (full 0):
 garbage-first heap   total 77824K, used 18160K [0x00000000c1c00000, 0x0000000100000000)
  region size 1024K, 3 young (3072K), 3 survivors (3072K)
 Metaspace       used 39103K, committed 39488K, reserved 1089536K
  class space    used 5000K, committed 5184K, reserved 1048576K
}
Event: 4.170 GC heap before
{Heap before GC invocations=14 (full 0):
 garbage-first heap   total 77824K, used 60144K [0x00000000c1c00000, 0x0000000100000000)
  region size 1024K, 45 young (46080K), 3 survivors (3072K)
 Metaspace       used 46828K, committed 47232K, reserved 1097728K
  class space    used 6145K, committed 6336K, reserved 1048576K
}
Event: 4.174 GC heap after
{Heap after GC invocations=15 (full 0):
 garbage-first heap   total 77824K, used 20241K [0x00000000c1c00000, 0x0000000100000000)
  region size 1024K, 5 young (5120K), 5 survivors (5120K)
 Metaspace       used 46828K, committed 47232K, reserved 1097728K
  class space    used 6145K, committed 6336K, reserved 1048576K
}
Event: 4.955 GC heap before
{Heap before GC invocations=15 (full 0):
 garbage-first heap   total 77824K, used 61201K [0x00000000c1c00000, 0x0000000100000000)
  region size 1024K, 45 young (46080K), 5 survivors (5120K)
 Metaspace       used 54197K, committed 54528K, reserved 1097728K
  class space    used 7109K, committed 7296K, reserved 1048576K
}
Event: 4.961 GC heap after
{Heap after GC invocations=16 (full 0):
 garbage-first heap   total 77824K, used 23537K [0x00000000c1c00000, 0x0000000100000000)
  region size 1024K, 6 young (6144K), 6 survivors (6144K)
 Metaspace       used 54197K, committed 54528K, reserved 1097728K
  class space    used 7109K, committed 7296K, reserved 1048576K
}
Event: 5.445 GC heap before
{Heap before GC invocations=16 (full 0):
 garbage-first heap   total 77824K, used 55281K [0x00000000c1c00000, 0x0000000100000000)
  region size 1024K, 38 young (38912K), 6 survivors (6144K)
 Metaspace       used 59623K, committed 59968K, reserved 1105920K
  class space    used 7930K, committed 8064K, reserved 1048576K
}
Event: 5.451 GC heap after
{Heap after GC invocations=17 (full 0):
 garbage-first heap   total 77824K, used 24814K [0x00000000c1c00000, 0x0000000100000000)
  region size 1024K, 2 young (2048K), 2 survivors (2048K)
 Metaspace       used 59623K, committed 59968K, reserved 1105920K
  class space    used 7930K, committed 8064K, reserved 1048576K
}
Event: 6.219 GC heap before
{Heap before GC invocations=18 (full 0):
 garbage-first heap   total 77824K, used 61678K [0x00000000c1c00000, 0x0000000100000000)
  region size 1024K, 38 young (38912K), 2 survivors (2048K)
 Metaspace       used 64691K, committed 65152K, reserved 1105920K
  class space    used 8651K, committed 8896K, reserved 1048576K
}
Event: 6.223 GC heap after
{Heap after GC invocations=19 (full 0):
 garbage-first heap   total 77824K, used 27276K [0x00000000c1c00000, 0x0000000100000000)
  region size 1024K, 4 young (4096K), 4 survivors (4096K)
 Metaspace       used 64691K, committed 65152K, reserved 1105920K
  class space    used 8651K, committed 8896K, reserved 1048576K
}
Event: 6.638 GC heap before
{Heap before GC invocations=19 (full 0):
 garbage-first heap   total 77824K, used 62092K [0x00000000c1c00000, 0x0000000100000000)
  region size 1024K, 38 young (38912K), 4 survivors (4096K)
 Metaspace       used 68121K, committed 68544K, reserved 1114112K
  class space    used 9176K, committed 9408K, reserved 1048576K
}
Event: 6.643 GC heap after
{Heap after GC invocations=20 (full 0):
 garbage-first heap   total 77824K, used 29510K [0x00000000c1c00000, 0x0000000100000000)
  region size 1024K, 3 young (3072K), 3 survivors (3072K)
 Metaspace       used 68121K, committed 68544K, reserved 1114112K
  class space    used 9176K, committed 9408K, reserved 1048576K
}
Event: 18.609 GC heap before
{Heap before GC invocations=20 (full 0):
 garbage-first heap   total 77824K, used 61254K [0x00000000c1c00000, 0x0000000100000000)
  region size 1024K, 34 young (34816K), 3 survivors (3072K)
 Metaspace       used 70956K, committed 71424K, reserved 1114112K
  class space    used 9591K, committed 9856K, reserved 1048576K
}
Event: 18.615 GC heap after
{Heap after GC invocations=21 (full 0):
 garbage-first heap   total 139264K, used 31715K [0x00000000c1c00000, 0x0000000100000000)
  region size 1024K, 5 young (5120K), 5 survivors (5120K)
 Metaspace       used 70956K, committed 71424K, reserved 1114112K
  class space    used 9591K, committed 9856K, reserved 1048576K
}
Event: 156.852 GC heap before
{Heap before GC invocations=21 (full 0):
 garbage-first heap   total 139264K, used 102371K [0x00000000c1c00000, 0x0000000100000000)
  region size 1024K, 75 young (76800K), 5 survivors (5120K)
 Metaspace       used 75009K, committed 75520K, reserved 1122304K
  class space    used 10104K, committed 10368K, reserved 1048576K
}
Event: 156.890 GC heap after
{Heap after GC invocations=22 (full 0):
 garbage-first heap   total 139264K, used 34786K [0x00000000c1c00000, 0x0000000100000000)
  region size 1024K, 8 young (8192K), 8 survivors (8192K)
 Metaspace       used 75009K, committed 75520K, reserved 1122304K
  class space    used 10104K, committed 10368K, reserved 1048576K
}

Deoptimization events (2 events):
Event: 2.522 Thread 0x0000019ff04d2220 DEOPT PACKING pc=0x0000019fdb6bbb3c sp=0x0000002cb8cfcc60
Event: 2.522 Thread 0x0000019ff04d2220 DEOPT UNPACKING pc=0x0000019fdacbdece sp=0x0000002cb8cfc1b8 mode 0

Classes unloaded (0 events):
No events

Classes redefined (0 events):
No events

Internal exceptions (20 events):
Event: 6.371 Thread 0x0000019ff04d2220 Exception <a 'java/lang/ClassNotFoundException'{0x00000000c58e7250}: org/springframework/web/servlet/config/annotation/WebMvcConfigurerCustomizer> (0x00000000c58e7250) 
thrown [t:\workspace\open\src\hotspot\share\classfile\systemDictionary.cpp, line 256]
Event: 6.430 Thread 0x0000019ff04d2220 Exception <a 'java/lang/ClassNotFoundException'{0x00000000c53616c8}: java/lang/ObjectCustomizer> (0x00000000c53616c8) 
thrown [t:\workspace\open\src\hotspot\share\classfile\systemDictionary.cpp, line 256]
Event: 6.431 Thread 0x0000019ff04d2220 Exception <a 'java/lang/ClassNotFoundException'{0x00000000c536bb48}: org/springframework/security/config/annotation/web/configuration/WebSecurityConfigurationCustomizer> (0x00000000c536bb48) 
thrown [t:\workspace\open\src\hotspot\share\classfile\systemDictionary.cpp, line 256]
Event: 6.431 Thread 0x0000019ff04d2220 Exception <a 'java/lang/ClassNotFoundException'{0x00000000c537c9c8}: org/springframework/context/annotation/ImportAwareCustomizer> (0x00000000c537c9c8) 
thrown [t:\workspace\open\src\hotspot\share\classfile\systemDictionary.cpp, line 256]
Event: 6.432 Thread 0x0000019ff04d2220 Exception <a 'java/lang/ClassNotFoundException'{0x00000000c5384578}: org/springframework/beans/factory/AwareCustomizer> (0x00000000c5384578) 
thrown [t:\workspace\open\src\hotspot\share\classfile\systemDictionary.cpp, line 256]
Event: 6.432 Thread 0x0000019ff04d2220 Exception <a 'java/lang/ClassNotFoundException'{0x00000000c538a970}: org/springframework/beans/factory/BeanClassLoaderAwareCustomizer> (0x00000000c538a970) 
thrown [t:\workspace\open\src\hotspot\share\classfile\systemDictionary.cpp, line 256]
Event: 6.432 Thread 0x0000019ff04d2220 Exception <a 'java/lang/ClassNotFoundException'{0x00000000c53917d8}: org/springframework/beans/factory/AwareCustomizer> (0x00000000c53917d8) 
thrown [t:\workspace\open\src\hotspot\share\classfile\systemDictionary.cpp, line 256]
Event: 6.621 Thread 0x0000019ff04d2220 Exception <a 'java/lang/ClassNotFoundException'{0x00000000c47be6b0}: java/lang/ObjectCustomizer> (0x00000000c47be6b0) 
thrown [t:\workspace\open\src\hotspot\share\classfile\systemDictionary.cpp, line 256]
Event: 6.621 Thread 0x0000019ff04d2220 Exception <a 'java/lang/ClassNotFoundException'{0x00000000c47c8b60}: org/springframework/security/config/annotation/web/configuration/HttpSecurityConfigurationCustomizer> (0x00000000c47c8b60) 
thrown [t:\workspace\open\src\hotspot\share\classfile\systemDictionary.cpp, line 256]
Event: 6.629 Thread 0x0000019ff04d2220 Exception <a 'java/lang/NoSuchMethodError'{0x00000000c4653e58}: 'java.lang.Object java.lang.invoke.DirectMethodHandle$Holder.invokeInterface(java.lang.Object, java.lang.Object, java.lang.Object, java.lang.Object)'> (0x00000000c4653e58) 
thrown [t:\workspace\open\src\hotspot\share\interpreter\linkResolver.cpp, line 790]
Event: 6.727 Thread 0x0000019ff04d2220 Exception <a 'java/lang/NoSuchMethodError'{0x00000000c61f89a8}: 'void java.lang.invoke.DirectMethodHandle$Holder.invokeVirtual(java.lang.Object, java.lang.Object, int)'> (0x00000000c61f89a8) 
thrown [t:\workspace\open\src\hotspot\share\interpreter\linkResolver.cpp, line 790]
Event: 6.728 Thread 0x0000019ff04d2220 Exception <a 'java/lang/NoSuchMethodError'{0x00000000c60141e8}: 'void java.lang.invoke.DirectMethodHandle$Holder.invokeVirtual(java.lang.Object, java.lang.Object, long)'> (0x00000000c60141e8) 
thrown [t:\workspace\open\src\hotspot\share\interpreter\linkResolver.cpp, line 790]
Event: 6.822 Thread 0x0000019ff04d2220 Exception <a 'java/lang/IncompatibleClassChangeError'{0x00000000c5bed960}: Found class java.lang.Object, but interface was expected> (0x00000000c5bed960) 
thrown [t:\workspace\open\src\hotspot\share\interpreter\linkResolver.cpp, line 857]
Event: 6.849 Thread 0x0000019ff04f3810 Exception <a 'java/lang/reflect/InvocationTargetException'{0x00000000c5802248}> (0x00000000c5802248) 
thrown [t:\workspace\open\src\hotspot\share\runtime\reflection.cpp, line 1157]
Event: 7.021 Thread 0x0000019ff04d2220 Exception <a 'java/lang/NoSuchMethodError'{0x00000000c5101e90}: 'java.lang.Object java.lang.invoke.DirectMethodHandle$Holder.invokeSpecial(java.lang.Object, java.lang.Object, int, java.lang.Object, int, java.lang.Object)'> (0x00000000c5101e90) 
thrown [t:\workspace\open\src\hotspot\share\interpreter\linkResolver.cpp, line 790]
Event: 7.021 Thread 0x0000019ff04d2220 Exception <a 'java/lang/NoSuchMethodError'{0x00000000c510a4f8}: 'java.lang.Object java.lang.invoke.DirectMethodHandle$Holder.newInvokeSpecial(java.lang.Object, java.lang.Object, int, java.lang.Object, int)'> (0x00000000c510a4f8) 
thrown [t:\workspace\open\src\hotspot\share\interpreter\linkResolver.cpp, line 790]
Event: 7.021 Thread 0x0000019ff04d2220 Exception <a 'java/lang/NoSuchMethodError'{0x00000000c510e708}: 'java.lang.Object java.lang.invoke.DirectMethodHandle$Holder.invokeSpecial(java.lang.Object, java.lang.Object, java.lang.Object, int, java.lang.Object, int)'> (0x00000000c510e708) 
thrown [t:\workspace\open\src\hotspot\share\interpreter\linkResolver.cpp, line 790]
Event: 7.022 Thread 0x0000019ff04d2220 Exception <a 'java/lang/NoSuchMethodError'{0x00000000c5119940}: 'void java.lang.invoke.DirectMethodHandle$Holder.invokeVirtual(java.lang.Object, java.lang.Object)'> (0x00000000c5119940) 
thrown [t:\workspace\open\src\hotspot\share\interpreter\linkResolver.cpp, line 790]
Event: 155.502 Thread 0x0000019ff21fb5b0 Exception <a 'java/lang/NoClassDefFoundError'{0x00000000c6ab1f90}: sun/reflect/Reflection> (0x00000000c6ab1f90) 
thrown [t:\workspace\open\src\hotspot\share\classfile\systemDictionary.cpp, line 245]
Event: 196.840 Thread 0x0000019ff04f2820 Exception <a 'java/lang/InterruptedException'{0x00000000c8dac0d0}: sleep interrupted> (0x00000000c8dac0d0) 
thrown [t:\workspace\open\src\hotspot\share\prims\jvm.cpp, line 3305]

Events (20 events):
Event: 196.875 loading class java/util/AbstractMap$2
Event: 196.876 loading class java/util/AbstractMap$2 done
Event: 196.879 loading class java/util/AbstractMap$2$1
Event: 196.880 loading class java/util/AbstractMap$2$1 done
Event: 196.896 loading class jdk/internal/reflect/UnsafeQualifiedObjectFieldAccessorImpl
Event: 196.899 loading class jdk/internal/reflect/UnsafeQualifiedFieldAccessorImpl
Event: 196.899 loading class jdk/internal/reflect/UnsafeQualifiedFieldAccessorImpl done
Event: 196.899 loading class jdk/internal/reflect/UnsafeQualifiedObjectFieldAccessorImpl done
Event: 196.902 Thread 0x0000019ff49305b0 Thread added: 0x0000019ff49305b0
Event: 196.903 Thread 0x0000019ff2201aa0 Thread exited: 0x0000019ff2201aa0
Event: 196.921 loading class sun/security/ssl/Alert
Event: 196.926 loading class sun/security/ssl/Alert done
Event: 196.927 loading class sun/security/ssl/Alert$AlertConsumer
Event: 196.929 loading class sun/security/ssl/Alert$AlertConsumer done
Event: 196.929 loading class sun/security/ssl/Alert$Level
Event: 196.930 loading class sun/security/ssl/Alert$Level done
Event: 196.959 loading class javax/crypto/AEADBadTagException
Event: 196.960 loading class javax/crypto/AEADBadTagException done
Event: 196.998 Thread 0x0000019ff49305b0 Thread exited: 0x0000019ff49305b0
Event: 197.000 Executing  VM operation: G1CollectFull


Dynamic libraries:
0x00007ff77dc90000 - 0x00007ff77dc9e000 	D:\DevTools\sts-4.11.0.RELEASE\plugins\org.eclipse.justj.openjdk.hotspot.jre.full.win32.x86_64_16.0.1.v20210528-1205\jre\bin\javaw.exe
0x00007ff849ff0000 - 0x00007ff84a1e5000 	C:\WINDOWS\SYSTEM32\ntdll.dll
0x00007ff848100000 - 0x00007ff8481bd000 	C:\WINDOWS\System32\KERNEL32.DLL
0x00007ff847ba0000 - 0x00007ff847e69000 	C:\WINDOWS\System32\KERNELBASE.dll
0x00007ff847f20000 - 0x00007ff848020000 	C:\WINDOWS\System32\ucrtbase.dll
0x00007ff832c20000 - 0x00007ff832c39000 	D:\DevTools\sts-4.11.0.RELEASE\plugins\org.eclipse.justj.openjdk.hotspot.jre.full.win32.x86_64_16.0.1.v20210528-1205\jre\bin\VCRUNTIME140.dll
0x00007ff841910000 - 0x00007ff841928000 	D:\DevTools\sts-4.11.0.RELEASE\plugins\org.eclipse.justj.openjdk.hotspot.jre.full.win32.x86_64_16.0.1.v20210528-1205\jre\bin\jli.dll
0x00007ff849130000 - 0x00007ff8492d0000 	C:\WINDOWS\System32\USER32.dll
0x00007ff8476f0000 - 0x00007ff847712000 	C:\WINDOWS\System32\win32u.dll
0x00007ff832d10000 - 0x00007ff832faa000 	C:\WINDOWS\WinSxS\amd64_microsoft.windows.common-controls_6595b64144ccf1df_6.0.19041.1110_none_60b5254171f9507e\COMCTL32.dll
0x00007ff848f60000 - 0x00007ff848ffe000 	C:\WINDOWS\System32\msvcrt.dll
0x00007ff8492e0000 - 0x00007ff84930a000 	C:\WINDOWS\System32\GDI32.dll
0x00007ff847960000 - 0x00007ff847a6b000 	C:\WINDOWS\System32\gdi32full.dll
0x00007ff847b00000 - 0x00007ff847b9d000 	C:\WINDOWS\System32\msvcp_win.dll
0x00007ff849b00000 - 0x00007ff849b30000 	C:\WINDOWS\System32\IMM32.DLL
0x00007ff841900000 - 0x00007ff84190c000 	D:\DevTools\sts-4.11.0.RELEASE\plugins\org.eclipse.justj.openjdk.hotspot.jre.full.win32.x86_64_16.0.1.v20210528-1205\jre\bin\vcruntime140_1.dll
0x00007ff82c510000 - 0x00007ff82c5a1000 	D:\DevTools\sts-4.11.0.RELEASE\plugins\org.eclipse.justj.openjdk.hotspot.jre.full.win32.x86_64_16.0.1.v20210528-1205\jre\bin\msvcp140.dll
0x00007fffec070000 - 0x00007fffecc1b000 	D:\DevTools\sts-4.11.0.RELEASE\plugins\org.eclipse.justj.openjdk.hotspot.jre.full.win32.x86_64_16.0.1.v20210528-1205\jre\bin\server\jvm.dll
0x00007ff849840000 - 0x00007ff8498ec000 	C:\WINDOWS\System32\ADVAPI32.dll
0x00007ff849510000 - 0x00007ff8495ab000 	C:\WINDOWS\System32\sechost.dll
0x00007ff849710000 - 0x00007ff84983a000 	C:\WINDOWS\System32\RPCRT4.dll
0x00007ff849e90000 - 0x00007ff849e98000 	C:\WINDOWS\System32\PSAPI.DLL
0x00007ff831ba0000 - 0x00007ff831ba9000 	C:\WINDOWS\SYSTEM32\WSOCK32.dll
0x00007ff840280000 - 0x00007ff84028a000 	C:\WINDOWS\SYSTEM32\VERSION.dll
0x00007ff849430000 - 0x00007ff84949b000 	C:\WINDOWS\System32\WS2_32.dll
0x00007ff82e4c0000 - 0x00007ff82e4e7000 	C:\WINDOWS\SYSTEM32\WINMM.dll
0x00007ff845fd0000 - 0x00007ff845fe2000 	C:\WINDOWS\SYSTEM32\kernel.appcore.dll
0x00007ff841a30000 - 0x00007ff841a3a000 	D:\DevTools\sts-4.11.0.RELEASE\plugins\org.eclipse.justj.openjdk.hotspot.jre.full.win32.x86_64_16.0.1.v20210528-1205\jre\bin\jimage.dll
0x00007ff8454f0000 - 0x00007ff8456d4000 	C:\WINDOWS\SYSTEM32\DBGHELP.DLL
0x00007ff832450000 - 0x00007ff83247c000 	C:\WINDOWS\SYSTEM32\dbgcore.DLL
0x00007ff847a70000 - 0x00007ff847af3000 	C:\WINDOWS\System32\bcryptPrimitives.dll
0x00007ff83f600000 - 0x00007ff83f625000 	D:\DevTools\sts-4.11.0.RELEASE\plugins\org.eclipse.justj.openjdk.hotspot.jre.full.win32.x86_64_16.0.1.v20210528-1205\jre\bin\java.dll
0x00007ff83e030000 - 0x00007ff83e048000 	D:\DevTools\sts-4.11.0.RELEASE\plugins\org.eclipse.justj.openjdk.hotspot.jre.full.win32.x86_64_16.0.1.v20210528-1205\jre\bin\zip.dll
0x00007ff848640000 - 0x00007ff848d7f000 	C:\WINDOWS\System32\SHELL32.dll
0x00007ff8457e0000 - 0x00007ff845f70000 	C:\WINDOWS\SYSTEM32\windows.storage.dll
0x00007ff849b30000 - 0x00007ff849e85000 	C:\WINDOWS\System32\combase.dll
0x00007ff847150000 - 0x00007ff84717c000 	C:\WINDOWS\SYSTEM32\Wldp.dll
0x00007ff848eb0000 - 0x00007ff848f5e000 	C:\WINDOWS\System32\SHCORE.dll
0x00007ff8494a0000 - 0x00007ff8494f5000 	C:\WINDOWS\System32\shlwapi.dll
0x00007ff847630000 - 0x00007ff84764f000 	C:\WINDOWS\SYSTEM32\profapi.dll
0x00007ff83dfa0000 - 0x00007ff83dfb9000 	D:\DevTools\sts-4.11.0.RELEASE\plugins\org.eclipse.justj.openjdk.hotspot.jre.full.win32.x86_64_16.0.1.v20210528-1205\jre\bin\net.dll
0x00007ff8405e0000 - 0x00007ff8406e8000 	C:\WINDOWS\SYSTEM32\WINHTTP.dll
0x00007ff846eb0000 - 0x00007ff846f1a000 	C:\WINDOWS\system32\mswsock.dll
0x00007ff832bf0000 - 0x00007ff832c03000 	D:\DevTools\sts-4.11.0.RELEASE\plugins\org.eclipse.justj.openjdk.hotspot.jre.full.win32.x86_64_16.0.1.v20210528-1205\jre\bin\nio.dll
0x00007ff83f5f0000 - 0x00007ff83f5f9000 	D:\DevTools\sts-4.11.0.RELEASE\plugins\org.eclipse.justj.openjdk.hotspot.jre.full.win32.x86_64_16.0.1.v20210528-1205\jre\bin\management.dll
0x00007ff83f5a0000 - 0x00007ff83f5ab000 	D:\DevTools\sts-4.11.0.RELEASE\plugins\org.eclipse.justj.openjdk.hotspot.jre.full.win32.x86_64_16.0.1.v20210528-1205\jre\bin\management_ext.dll
0x00007ff82e540000 - 0x00007ff82e557000 	C:\WINDOWS\system32\napinsp.dll
0x00007ff82e520000 - 0x00007ff82e53b000 	C:\WINDOWS\system32\pnrpnsp.dll
0x00007ff8420a0000 - 0x00007ff8420b5000 	C:\WINDOWS\system32\wshbth.dll
0x00007ff842b30000 - 0x00007ff842b4d000 	C:\WINDOWS\system32\NLAapi.dll
0x00007ff846b30000 - 0x00007ff846b6b000 	C:\WINDOWS\SYSTEM32\IPHLPAPI.DLL
0x00007ff846b90000 - 0x00007ff846c5c000 	C:\WINDOWS\SYSTEM32\DNSAPI.dll
0x00007ff849500000 - 0x00007ff849508000 	C:\WINDOWS\System32\NSI.dll
0x00007ff82e500000 - 0x00007ff82e512000 	C:\WINDOWS\System32\winrnr.dll
0x00007ff83ee00000 - 0x00007ff83ee0a000 	C:\Windows\System32\rasadhlp.dll
0x00007ff8344d0000 - 0x00007ff83454f000 	C:\WINDOWS\System32\fwpuclnt.dll
0x00007ff8477d0000 - 0x00007ff8477f7000 	C:\WINDOWS\System32\bcrypt.dll
0x00007ff8470a0000 - 0x00007ff8470b8000 	C:\WINDOWS\SYSTEM32\CRYPTSP.dll
0x00007ff8467c0000 - 0x00007ff8467f4000 	C:\WINDOWS\system32\rsaenh.dll
0x00007ff8475b0000 - 0x00007ff8475de000 	C:\WINDOWS\SYSTEM32\USERENV.dll
0x00007ff8470c0000 - 0x00007ff8470cc000 	C:\WINDOWS\SYSTEM32\CRYPTBASE.dll
0x00007ff83e8c0000 - 0x00007ff83e8d7000 	C:\WINDOWS\SYSTEM32\dhcpcsvc6.DLL
0x00007ff83ec00000 - 0x00007ff83ec1d000 	C:\WINDOWS\SYSTEM32\dhcpcsvc.DLL
0x00007ff8418f0000 - 0x00007ff841900000 	D:\DevTools\sts-4.11.0.RELEASE\plugins\org.eclipse.justj.openjdk.hotspot.jre.full.win32.x86_64_16.0.1.v20210528-1205\jre\bin\verify.dll
0x00007ff83f7a0000 - 0x00007ff83f7ae000 	D:\DevTools\sts-4.11.0.RELEASE\plugins\org.eclipse.justj.openjdk.hotspot.jre.full.win32.x86_64_16.0.1.v20210528-1205\jre\bin\sunmscapi.dll
0x00007ff847800000 - 0x00007ff84795f000 	C:\WINDOWS\System32\CRYPT32.dll
0x00007ff8471c0000 - 0x00007ff8471e7000 	C:\WINDOWS\SYSTEM32\ncrypt.dll
0x00007ff847180000 - 0x00007ff8471bb000 	C:\WINDOWS\SYSTEM32\NTASN1.dll
0x00007ff841a40000 - 0x00007ff841a47000 	C:\WINDOWS\system32\wshunix.dll

dbghelp: loaded successfully - version: 4.0.5 - missing functions: none
symbol engine: initialized successfully - sym options: 0x614 - pdb path: .;D:\DevTools\sts-4.11.0.RELEASE\plugins\org.eclipse.justj.openjdk.hotspot.jre.full.win32.x86_64_16.0.1.v20210528-1205\jre\bin;C:\WINDOWS\SYSTEM32;C:\WINDOWS\WinSxS\amd64_microsoft.windows.common-controls_6595b64144ccf1df_6.0.19041.1110_none_60b5254171f9507e;D:\DevTools\sts-4.11.0.RELEASE\plugins\org.eclipse.justj.openjdk.hotspot.jre.full.win32.x86_64_16.0.1.v20210528-1205\jre\bin\server

VM Arguments:
jvm_args: -Dcom.sun.management.jmxremote -Dcom.sun.management.jmxremote.port=56636 -Dcom.sun.management.jmxremote.authenticate=false -Dcom.sun.management.jmxremote.ssl=false -Djava.rmi.server.hostname=localhost -Dspring.jmx.enabled=true -Dspring.application.admin.enabled=true -XX:TieredStopAtLevel=1 -Dspring.boot.project.name=BookStoreClient -Dfile.encoding=UTF-8 -XX:+ShowCodeDetailsInExceptionMessages 
java_command: com.bookstore.client.BookStoreClientApplication --spring.output.ansi.enabled=always
java_class_path (initial): C:\Users\ASUS\Documents\GitHub\Final-Project-Bookstore\BookStoreClient\target\classes;C:\Users\ASUS\Documents\GitHub\Final-Project-Bookstore\BookStoreModel\target\classes;C:\Users\ASUS\.m2\repository\org\springframework\boot\spring-boot-starter-data-jpa\2.5.2\spring-boot-starter-data-jpa-2.5.2.jar;C:\Users\ASUS\.m2\repository\org\springframework\boot\spring-boot-starter-aop\2.5.2\spring-boot-starter-aop-2.5.2.jar;C:\Users\ASUS\.m2\repository\org\aspectj\aspectjweaver\1.9.6\aspectjweaver-1.9.6.jar;C:\Users\ASUS\.m2\repository\org\springframework\boot\spring-boot-starter-jdbc\2.5.2\spring-boot-starter-jdbc-2.5.2.jar;C:\Users\ASUS\.m2\repository\com\zaxxer\HikariCP\4.0.3\HikariCP-4.0.3.jar;C:\Users\ASUS\.m2\repository\org\springframework\spring-jdbc\5.3.8\spring-jdbc-5.3.8.jar;C:\Users\ASUS\.m2\repository\jakarta\transaction\jakarta.transaction-api\1.3.3\jakarta.transaction-api-1.3.3.jar;C:\Users\ASUS\.m2\repository\jakarta\persistence\jakarta.persistence-api\2.2.3\jakarta.persistence-api-2.2.3.jar;C:\Users\ASUS\.m2\repository\org\hibernate\hibernate-core\5.4.32.Final\hibernate-core-5.4.32.Final.jar;C:\Users\ASUS\.m2\repository\org\jboss\logging\jboss-logging\3.4.2.Final\jboss-logging-3.4.2.Final.jar;C:\Users\ASUS\.m2\repository\org\javassist\javassist\3.27.0-GA\javassist-3.27.0-GA.jar;C:\Users\ASUS\.m2\repository\net\bytebuddy\byte-buddy\1.10.22\byte-buddy-1.10.22.jar;C:\Users\ASUS\.m2\repository\antlr\antlr\2.7.7\antlr-2.7.7.jar;C:\Users\ASUS\.m2\repository\org\jboss\jandex\2.2.3.Final\jandex-2.2.3.Final.jar;C:\Users\ASUS\.m2\repository\com\fasterxml\classmate\1.5.1\classmate-1.5.1.jar;C:\Users\ASUS\.m2\repository\org\dom4j\dom4j\2.1.3\dom4j-2.1.3.jar;C:\Users\ASUS\.m2\repository\org\hibernate\common\hibernate-commons-annotations\5.1.2.Final\hibernate-commons-annotations-5.1.2.Final.jar;C:\Users\ASUS\.m2\repository\org\glassfish\jaxb\jaxb-runtime\2.3.4\jaxb-runtime-2.3.4.jar;C:\Users\ASUS\.m2\repository\org\glassfish\jaxb\txw2\2.3.4\txw2-
Launcher Type: SUN_STANDARD

[Global flags]
     intx CICompilerCount                          = 4                                         {product} {ergonomic}
     uint ConcGCThreads                            = 2                                         {product} {ergonomic}
     uint G1ConcRefinementThreads                  = 8                                         {product} {ergonomic}
   size_t G1HeapRegionSize                         = 1048576                                   {product} {ergonomic}
    uintx GCDrainStackTargetSize                   = 64                                        {product} {ergonomic}
   size_t InitialHeapSize                          = 67108864                                  {product} {ergonomic}
     bool ManagementServer                         = true                                      {product} {command line}
   size_t MarkStackSize                            = 4194304                                   {product} {ergonomic}
   size_t MaxHeapSize                              = 1044381696                                {product} {ergonomic}
   size_t MaxNewSize                               = 625999872                                 {product} {ergonomic}
   size_t MinHeapDeltaBytes                        = 1048576                                   {product} {ergonomic}
   size_t MinHeapSize                              = 8388608                                   {product} {ergonomic}
    uintx NonNMethodCodeHeapSize                   = 7549744                                {pd product} {ergonomic}
    uintx NonProfiledCodeHeapSize                  = 244108496                              {pd product} {ergonomic}
    uintx ProfiledCodeHeapSize                     = 0                                      {pd product} {ergonomic}
    uintx ReservedCodeCacheSize                    = 251658240                              {pd product} {ergonomic}
     bool SegmentedCodeCache                       = true                                      {product} {ergonomic}
     bool ShowCodeDetailsInExceptionMessages       = true                                   {manageable} {command line}
   size_t SoftMaxHeapSize                          = 1044381696                             {manageable} {ergonomic}
     intx TieredStopAtLevel                        = 1                                         {product} {command line}
     bool UseCompressedClassPointers               = true                           {product lp64_product} {ergonomic}
     bool UseCompressedOops                        = true                           {product lp64_product} {ergonomic}
     bool UseG1GC                                  = true                                      {product} {ergonomic}
     bool UseLargePagesIndividualAllocation        = false                                  {pd product} {ergonomic}

Logging:
Log output configuration:
 #0: stdout all=warning uptime,level,tags
 #1: stderr all=off uptime,level,tags

Environment Variables:
JAVA_HOME=C:\Program Files\Java\jdk-15.0.2
PATH=D:/DevTools/sts-4.11.0.RELEASE//plugins/org.eclipse.justj.openjdk.hotspot.jre.full.win32.x86_64_16.0.1.v20210528-1205/jre/bin/server;D:/DevTools/sts-4.11.0.RELEASE//plugins/org.eclipse.justj.openjdk.hotspot.jre.full.win32.x86_64_16.0.1.v20210528-1205/jre/bin;C:\Program Files\Common Files\Oracle\Java\javapath;C:\Program Files (x86)\Intel\iCLS Client\;C:\Program Files\Intel\iCLS Client\;C:\Windows\system32;C:\Windows;C:\Windows\System32\Wbem;C:\Windows\System32\WindowsPowerShell\v1.0\;C:\Windows\System32\OpenSSH\;C:\Program Files (x86)\Intel\Intel(R) Management Engine Components\DAL;C:\Program Files\Intel\Intel(R) Management Engine Components\DAL;C:\Program Files (x86)\Intel\Intel(R) Management Engine Components\IPT;C:\Program Files\Intel\Intel(R) Management Engine Components\IPT;C:\Program Files (x86)\NVIDIA Corporation\PhysX\Common;C:\Program Files\Intel\WiFi\bin\;C:\Program Files\Common Files\Intel\WirelessCommon\;C:\WINDOWS\system32;C:\WINDOWS;C:\WINDOWS\System32\Wbem;C:\WINDOWS\System32\WindowsPowerShell\v1.0\;C:\WINDOWS\System32\OpenSSH\;"C:\Program Files\Java\jdk-15.0.2\bin;.;";D:\DevTools\apache-maven-3.8.1;D:\DevTools\apache-maven-3.8.1\bin;C:\Program Files\Git\cmd;C:\Program Files\MySQL\MySQL Shell 8.0\bin\;C:\Users\ASUS\AppData\Local\Microsoft\WindowsApps;D:\Microsoft VS Code\bin;D:\DevTools\apache-maven-3.8.1\bin;C:\Users\ASUS\AppData\Local\GitHubDesktop\bin;D:\DevTools\sts-4.11.0.RELEASE;
USERNAME=ASUS
OS=Windows_NT
PROCESSOR_IDENTIFIER=Intel64 Family 6 Model 142 Stepping 10, GenuineIntel



---------------  S Y S T E M  ---------------

OS:
 Windows 10 , 64 bit Build 19041 (10.0.19041.1151)
OS uptime: 6 days 2:12 hours

CPU: total 8 (initial active 8) (4 cores per cpu, 2 threads per core) family 6 model 142 stepping 10 microcode 0xb4, cx8, cmov, fxsr, ht, mmx, 3dnowpref, sse, sse2, sse3, ssse3, sse4.1, sse4.2, popcnt, lzcnt, tsc, tscinvbit, avx, avx2, aes, erms, clmul, bmi1, bmi2, adx, fma, vzeroupper, clflush, clflushopt

Memory: 4k page, system-wide physical 3982M (227M free)
TotalPageFile size 16270M (AvailPageFile size 4M)
current process WorkingSet (physical memory assigned to process): 100M, peak: 228M
current process commit charge ("private bytes"): 337M, peak: 338M

vm_info: OpenJDK 64-Bit Server VM (16.0.1+9-24) for windows-amd64 JRE (16.0.1+9-24), built on Mar 26 2021 19:30:07 by "mach5one" with MS VC++ 16.7 (VS2019)

END.
